<?xml version="1.0" encoding="UTF-8"?>
<!-- Generated by org.testng.reporters.JUnitXMLReporter -->
<testsuite ignored="0" hostname="DESKTOP-EPM5ANF" failures="0" tests="4" name="Default test" time="68.467" errors="0" timestamp="2023-12-07T01:30:33 IST">
  <testcase classname="com.vtiger.tests.LoginTests" name="verifyInValidlogin_TC02" time="1.75"/>
  <testcase classname="com.vtiger.tests.LoginTests" name="verifyLogoonLoginScreen_TC03" time="0.061"/>
  <testcase classname="com.vtiger.tests.LoginTests" name="verifyNewLead_TC04" time="66.587"/>
  <testcase classname="com.vtiger.tests.LoginTests" name="verifylogin_TC01" time="0.024"/>
</testsuite> <!-- Default test -->
